<?xml version="1.0" encoding="UTF-8"?>
<!-- Generated by org.testng.reporters.JUnitReportReporter -->
<testsuite skipped="0" hostname="DESKTOP-8L1U83C" name="com.inetBanking.testCases.Tc_LoginTest_001" tests="1" failures="0" timestamp="2023-02-17T17:04:38 IST" time="2.781" errors="0">
  <testcase name="LoginTest" time="2.781" classname="com.inetBanking.testCases.Tc_LoginTest_001"/>
  <system-out/>
</testsuite> <!-- com.inetBanking.testCases.Tc_LoginTest_001 -->
