<?xml version="1.0" encoding="UTF-8"?>
<!-- Generated by org.testng.reporters.JUnitReportReporter -->
<testsuite hostname="DESKTOP-8L1U83C" failures="0" tests="1" name="com.inetBanking.testCases.Tc_LoginTest_001" time="2.371" errors="0" timestamp="22 Feb 2023 04:04:22 GMT" skipped="0">
  <testcase classname="com.inetBanking.testCases.Tc_LoginTest_001" name="LoginTest" time="2.371"/>
</testsuite> <!-- com.inetBanking.testCases.Tc_LoginTest_001 -->
